<?xml version="1.0" encoding="UTF-8"?>
<!-- Generated by org.testng.reporters.JUnitReportReporter -->
<testsuite skipped="0" hostname="ip-172-31-30-62" name="test.GridTest" tests="1" failures="0" timestamp="12 Nov 2021 04:22:22 GMT" time="1.337" errors="0">
  <testcase name="LaunchBrowser" time="1.337" classname="test.GridTest"/>
</testsuite> <!-- test.GridTest -->
